TN:
SF:/Users/xiaoyan/working/css-localize-loader/index.js
FNF:0
FNH:0
DA:1,1
LF:1
LH:1
BRF:0
BRH:0
end_of_record
TN:
SF:/Users/xiaoyan/working/css-localize-loader/lib/main.js
FN:6,getHashDigest
FN:10,(anonymous_1)
FN:16,(anonymous_2)
FN:17,(anonymous_3)
FN:29,(anonymous_4)
FNF:5
FNH:5
FNDA:9,getHashDigest
FNDA:3,(anonymous_1)
FNDA:4,(anonymous_2)
FNDA:5,(anonymous_3)
FNDA:5,(anonymous_4)
DA:1,1
DA:2,1
DA:3,1
DA:4,1
DA:7,9
DA:10,1
DA:11,3
DA:12,3
DA:13,3
DA:15,3
DA:16,1
DA:17,4
DA:18,5
DA:19,4
DA:20,4
DA:22,1
DA:24,4
DA:28,2
DA:29,1
DA:30,5
DA:31,5
DA:36,1
LF:22
LH:22
BRDA:15,0,0,1
BRDA:15,0,1,2
BRDA:18,1,0,4
BRDA:18,1,1,1
BRDA:28,2,0,1
BRDA:28,2,1,1
BRF:6
BRH:6
end_of_record
